#
# There is insufficient memory for the Java Runtime Environment to continue.
# Native memory allocation (mmap) failed to map 65536 bytes for Failed to commit metaspace.
# Possible reasons:
#   The system is out of physical RAM or swap space
#   The process is running with CompressedOops enabled, and the Java Heap may be blocking the growth of the native heap
# Possible solutions:
#   Reduce memory load on the system
#   Increase physical memory or swap space
#   Check if swap backing store is full
#   Decrease Java heap size (-Xmx/-Xms)
#   Decrease number of Java threads
#   Decrease Java thread stack sizes (-Xss)
#   Set larger code cache with -XX:ReservedCodeCacheSize=
#   JVM is running with Zero Based Compressed Oops mode in which the Java heap is
#     placed in the first 32GB address space. The Java Heap base address is the
#     maximum limit for the native heap growth. Please use -XX:HeapBaseMinAddress
#     to set the Java Heap base and to place the Java Heap above 32GB virtual address.
# This output file may be truncated or incomplete.
#
#  Out of Memory Error (virtualSpaceNode.cpp:110), pid=14668, tid=32928
#
# JRE version: OpenJDK Runtime Environment JBR-17.0.7+7-1000.6-jcef (17.0.7+7) (build 17.0.7+7-b1000.6)
# Java VM: OpenJDK 64-Bit Server VM JBR-17.0.7+7-1000.6-jcef (17.0.7+7-b1000.6, mixed mode, tiered, compressed oops, compressed class ptrs, g1 gc, windows-amd64)
# No core dump will be written. Minidumps are not enabled by default on client versions of Windows
#

---------------  S U M M A R Y ------------

Command Line: git4idea.http.GitAskPassApp Username for 'https://github.com': 

Host: AMD Ryzen 9 4900HS with Radeon Graphics         , 16 cores, 15G,  Windows 11 , 64 bit Build 22621 (10.0.22621.1928)
Time: Tue Aug 22 15:12:39 2023 Central Daylight Time elapsed time: 0.690949 seconds (0d 0h 0m 0s)

---------------  T H R E A D  ---------------

Current thread (0x000001e2a5bda260):  JavaThread "HttpClient-1-Worker-0" daemon [_thread_in_vm, id=32928, stack(0x0000006d94600000,0x0000006d94700000)]

Stack: [0x0000006d94600000,0x0000006d94700000]
Native frames: (J=compiled Java code, j=interpreted, Vv=VM code, C=native code)
V  [jvm.dll+0x683bfa]
V  [jvm.dll+0x8430a4]
V  [jvm.dll+0x8449be]
V  [jvm.dll+0x845023]
V  [jvm.dll+0x24ad2f]
V  [jvm.dll+0x83e45b]
V  [jvm.dll+0x6281e6]
V  [jvm.dll+0x1c29ee]
V  [jvm.dll+0x62ab31]
V  [jvm.dll+0x628b86]
V  [jvm.dll+0x23ec1f]
V  [jvm.dll+0x632a15]
V  [jvm.dll+0x1eea7b]
V  [jvm.dll+0x1eefb5]
V  [jvm.dll+0x1ef8d4]
V  [jvm.dll+0x1e4e1c]
V  [jvm.dll+0x54a1dd]
V  [jvm.dll+0x7bd775]
V  [jvm.dll+0x7bd88e]
V  [jvm.dll+0x413a8a]
V  [jvm.dll+0x419c09]
C  [java.dll+0x17ec]

Java frames: (J=compiled Java code, j=interpreted, Vv=VM code)
j  java.lang.ClassLoader.defineClass1(Ljava/lang/ClassLoader;Ljava/lang/String;[BIILjava/security/ProtectionDomain;Ljava/lang/String;)Ljava/lang/Class;+0 java.base@17.0.7
j  java.lang.ClassLoader.defineClass(Ljava/lang/String;[BIILjava/security/ProtectionDomain;)Ljava/lang/Class;+27 java.base@17.0.7
j  java.lang.ClassLoader.defineClass(Ljava/lang/String;Ljava/nio/ByteBuffer;Ljava/security/ProtectionDomain;)Ljava/lang/Class;+38 java.base@17.0.7
j  java.security.SecureClassLoader.defineClass(Ljava/lang/String;Ljava/nio/ByteBuffer;Ljava/security/CodeSource;)Ljava/lang/Class;+8 java.base@17.0.7
j  jdk.internal.loader.BuiltinClassLoader.defineClass(Ljava/lang/String;Ljdk/internal/loader/BuiltinClassLoader$LoadedModule;)Ljava/lang/Class;+127 java.base@17.0.7
J 733 c1 jdk.internal.loader.BuiltinClassLoader.loadClassOrNull(Ljava/lang/String;Z)Ljava/lang/Class; java.base@17.0.7 (143 bytes) @ 0x000001e2896aa6bc [0x000001e2896aa0c0+0x00000000000005fc]
J 735 c1 jdk.internal.loader.BuiltinClassLoader.loadClass(Ljava/lang/String;Z)Ljava/lang/Class; java.base@17.0.7 (22 bytes) @ 0x000001e2896ac14c [0x000001e2896ac040+0x000000000000010c]
J 734 c1 java.lang.ClassLoader.loadClass(Ljava/lang/String;)Ljava/lang/Class; java.base@17.0.7 (7 bytes) @ 0x000001e2896a9c4c [0x000001e2896a9b40+0x000000000000010c]
v  ~StubRoutines::call_stub
j  jdk.internal.net.http.Http1Exchange.<init>(Ljdk/internal/net/http/Exchange;Ljdk/internal/net/http/HttpConnection;)V+187 java.net.http@17.0.7
j  jdk.internal.net.http.ExchangeImpl.createHttp1Exchange(Ljdk/internal/net/http/Exchange;Ljdk/internal/net/http/HttpConnection;)Ljava/util/concurrent/CompletableFuture;+6 java.net.http@17.0.7
j  jdk.internal.net.http.ExchangeImpl.createExchangeImpl(Ljdk/internal/net/http/Http2Connection;Ljava/lang/Throwable;Ljdk/internal/net/http/Exchange;Ljdk/internal/net/http/HttpConnection;)Ljava/util/concurrent/CompletableFuture;+121 java.net.http@17.0.7
j  jdk.internal.net.http.ExchangeImpl.lambda$get$0(Ljdk/internal/net/http/Exchange;Ljdk/internal/net/http/HttpConnection;Ljdk/internal/net/http/Http2Connection;Ljava/lang/Throwable;)Ljava/util/concurrent/CompletableFuture;+4 java.net.http@17.0.7
j  jdk.internal.net.http.ExchangeImpl$$Lambda$113+0x00000008001233b0.apply(Ljava/lang/Object;Ljava/lang/Object;)Ljava/lang/Object;+16 java.net.http@17.0.7
j  java.util.concurrent.CompletableFuture.uniHandle(Ljava/lang/Object;Ljava/util/function/BiFunction;Ljava/util/concurrent/CompletableFuture$UniHandle;)Z+58 java.base@17.0.7
j  java.util.concurrent.CompletableFuture$UniHandle.tryFire(I)Ljava/util/concurrent/CompletableFuture;+52 java.base@17.0.7
j  java.util.concurrent.CompletableFuture.postComplete()V+76 java.base@17.0.7
j  java.util.concurrent.CompletableFuture.complete(Ljava/lang/Object;)Z+7 java.base@17.0.7
j  jdk.internal.net.http.common.SSLFlowDelegate.setALPN()V+55 java.net.http@17.0.7
j  jdk.internal.net.http.common.SSLFlowDelegate.trySetALPN()Z+48 java.net.http@17.0.7
j  jdk.internal.net.http.common.SSLFlowDelegate$Writer.processData()V+258 java.net.http@17.0.7
j  jdk.internal.net.http.common.SSLFlowDelegate$Writer$WriterDownstreamPusher.run()V+4 java.net.http@17.0.7
j  jdk.internal.net.http.common.SequentialScheduler$CompleteRestartableTask.run(Ljdk/internal/net/http/common/SequentialScheduler$DeferredCompleter;)V+1 java.net.http@17.0.7
j  jdk.internal.net.http.common.SequentialScheduler$SchedulableTask.run()V+14 java.net.http@17.0.7
j  jdk.internal.net.http.common.SequentialScheduler.runOrSchedule(Ljdk/internal/net/http/common/SequentialScheduler$SchedulableTask;Ljava/util/concurrent/Executor;)V+86 java.net.http@17.0.7
j  jdk.internal.net.http.common.SequentialScheduler.runOrSchedule()V+6 java.net.http@17.0.7
j  jdk.internal.net.http.common.SSLFlowDelegate$Writer.schedule()V+4 java.net.http@17.0.7
j  jdk.internal.net.http.common.SSLFlowDelegate.resumeActivity()V+11 java.net.http@17.0.7
j  jdk.internal.net.http.common.SSLFlowDelegate.lambda$executeTasks$3(Ljava/util/List;)V+171 java.net.http@17.0.7
j  jdk.internal.net.http.common.SSLFlowDelegate$$Lambda$146+0x00000008001c2298.run()V+8 java.net.http@17.0.7
j  jdk.internal.net.http.HttpClientImpl$DelegatingExecutor.execute(Ljava/lang/Runnable;)V+26 java.net.http@17.0.7
j  jdk.internal.net.http.common.SSLFlowDelegate.executeTasks(Ljava/util/List;)V+11 java.net.http@17.0.7
j  jdk.internal.net.http.common.SSLFlowDelegate.doHandshake(Ljdk/internal/net/http/common/SSLFlowDelegate$EngineResult;I)Z+154 java.net.http@17.0.7
j  jdk.internal.net.http.common.SSLFlowDelegate$Reader.processData()V+572 java.net.http@17.0.7
j  jdk.internal.net.http.common.SSLFlowDelegate$Reader$ReaderDownstreamPusher.run()V+4 java.net.http@17.0.7
j  jdk.internal.net.http.common.SequentialScheduler$LockingRestartableTask.run()V+34 java.net.http@17.0.7
j  jdk.internal.net.http.common.SequentialScheduler$CompleteRestartableTask.run(Ljdk/internal/net/http/common/SequentialScheduler$DeferredCompleter;)V+1 java.net.http@17.0.7
j  jdk.internal.net.http.common.SequentialScheduler$TryEndDeferredCompleter.complete()V+162 java.net.http@17.0.7
j  jdk.internal.net.http.common.SequentialScheduler$CompleteRestartableTask.run(Ljdk/internal/net/http/common/SequentialScheduler$DeferredCompleter;)V+5 java.net.http@17.0.7
j  jdk.internal.net.http.common.SequentialScheduler$SchedulableTask.run()V+14 java.net.http@17.0.7
j  java.util.concurrent.ThreadPoolExecutor.runWorker(Ljava/util/concurrent/ThreadPoolExecutor$Worker;)V+92 java.base@17.0.7
j  java.util.concurrent.ThreadPoolExecutor$Worker.run()V+5 java.base@17.0.7
j  java.lang.Thread.run()V+11 java.base@17.0.7
v  ~StubRoutines::call_stub

---------------  P R O C E S S  ---------------

Threads class SMR info:
_java_thread_list=0x000001e2a5c07820, length=17, elements={
0x000001e285e12000, 0x000001e2a52e1270, 0x000001e2a52e1c20, 0x000001e2a5312ff0,
0x000001e2a53138b0, 0x000001e2a5314260, 0x000001e2a5318110, 0x000001e2a5318ea0,
0x000001e2a5319940, 0x000001e2a53343f0, 0x000001e2a5486290, 0x000001e2a54ae7e0,
0x000001e2a54b1310, 0x000001e2a54cae00, 0x000001e2a5adbc10, 0x000001e2a5bda260,
0x000001e2a5c06f00
}

Java Threads: ( => current thread )
  0x000001e285e12000 JavaThread "main" [_thread_blocked, id=19288, stack(0x0000006d92e00000,0x0000006d92f00000)]
  0x000001e2a52e1270 JavaThread "Reference Handler" daemon [_thread_blocked, id=12972, stack(0x0000006d93500000,0x0000006d93600000)]
  0x000001e2a52e1c20 JavaThread "Finalizer" daemon [_thread_blocked, id=20768, stack(0x0000006d93600000,0x0000006d93700000)]
  0x000001e2a5312ff0 JavaThread "Signal Dispatcher" daemon [_thread_blocked, id=12824, stack(0x0000006d93700000,0x0000006d93800000)]
  0x000001e2a53138b0 JavaThread "Attach Listener" daemon [_thread_blocked, id=26380, stack(0x0000006d93800000,0x0000006d93900000)]
  0x000001e2a5314260 JavaThread "Service Thread" daemon [_thread_blocked, id=9256, stack(0x0000006d93900000,0x0000006d93a00000)]
  0x000001e2a5318110 JavaThread "Monitor Deflation Thread" daemon [_thread_blocked, id=10420, stack(0x0000006d93a00000,0x0000006d93b00000)]
  0x000001e2a5318ea0 JavaThread "C2 CompilerThread0" daemon [_thread_blocked, id=24952, stack(0x0000006d93b00000,0x0000006d93c00000)]
  0x000001e2a5319940 JavaThread "C1 CompilerThread0" daemon [_thread_blocked, id=9204, stack(0x0000006d93c00000,0x0000006d93d00000)]
  0x000001e2a53343f0 JavaThread "Sweeper thread" daemon [_thread_blocked, id=20524, stack(0x0000006d93d00000,0x0000006d93e00000)]
  0x000001e2a5486290 JavaThread "C1 CompilerThread1" daemon [_thread_blocked, id=17776, stack(0x0000006d93e00000,0x0000006d93f00000)]
  0x000001e2a54ae7e0 JavaThread "C1 CompilerThread2" daemon [_thread_blocked, id=34008, stack(0x0000006d93f00000,0x0000006d94000000)]
  0x000001e2a54b1310 JavaThread "Notification Thread" daemon [_thread_blocked, id=24388, stack(0x0000006d94000000,0x0000006d94100000)]
  0x000001e2a54cae00 JavaThread "Common-Cleaner" daemon [_thread_blocked, id=30108, stack(0x0000006d94200000,0x0000006d94300000)]
  0x000001e2a5adbc10 JavaThread "HttpClient-1-SelectorManager" daemon [_thread_in_native, id=31044, stack(0x0000006d94400000,0x0000006d94500000)]
=>0x000001e2a5bda260 JavaThread "HttpClient-1-Worker-0" daemon [_thread_in_vm, id=32928, stack(0x0000006d94600000,0x0000006d94700000)]
  0x000001e2a5c06f00 JavaThread "HttpClient-1-Worker-1" daemon [_thread_blocked, id=16968, stack(0x0000006d94700000,0x0000006d94800000)]

Other Threads:
  0x000001e2a52bd020 VMThread "VM Thread" [stack: 0x0000006d93400000,0x0000006d93500000] [id=15172]
  0x000001e2a54b42b0 WatcherThread [stack: 0x0000006d94100000,0x0000006d94200000] [id=14116]
  0x000001e285e7c5a0 GCTaskThread "GC Thread#0" [stack: 0x0000006d92f00000,0x0000006d93000000] [id=30828]
  0x000001e285e8cd00 ConcurrentGCThread "G1 Main Marker" [stack: 0x0000006d93000000,0x0000006d93100000] [id=15956]
  0x000001e285e8deb0 ConcurrentGCThread "G1 Conc#0" [stack: 0x0000006d93100000,0x0000006d93200000] [id=4516]
  0x000001e2a4fed220 ConcurrentGCThread "G1 Refine#0" [stack: 0x0000006d93200000,0x0000006d93300000] [id=19344]
  0x000001e2a4fed8f0 ConcurrentGCThread "G1 Service" [stack: 0x0000006d93300000,0x0000006d93400000] [id=34024]

Threads with active compile tasks:

VM state: not at safepoint (normal execution)

VM Mutex/Monitor currently owned by a thread:  ([mutex/lock_event])
[0x000001e285e0d030] Metaspace_lock - owner thread: 0x000001e2a5bda260

Heap address: 0x0000000709400000, size: 3948 MB, Compressed Oops mode: Zero based, Oop shift amount: 3

CDS archive(s) not mapped
Compressed class space mapped at: 0x0000000800000000-0x0000000840000000, reserved size: 1073741824
Narrow klass base: 0x0000000800000000, Narrow klass shift: 0, Narrow klass range: 0x40000000

GC Precious Log:
 CPUs: 16 total, 16 available
 Memory: 15789M
 Large Page Support: Disabled
 NUMA Support: Disabled
 Compressed Oops: Enabled (Zero based)
 Heap Region Size: 2M
 Heap Min Capacity: 8M
 Heap Initial Capacity: 248M
 Heap Max Capacity: 3948M
 Pre-touch: Disabled
 Parallel Workers: 13
 Concurrent Workers: 3
 Concurrent Refinement Workers: 13
 Periodic GC: Disabled

Heap:
 garbage-first heap   total 253952K, used 14336K [0x0000000709400000, 0x0000000800000000)
  region size 2048K, 8 young (16384K), 0 survivors (0K)
 Metaspace       used 16342K, committed 16512K, reserved 1114112K
  class space    used 1703K, committed 1792K, reserved 1048576K

Heap Regions: E=young(eden), S=young(survivor), O=old, HS=humongous(starts), HC=humongous(continues), CS=collection set, F=free, OA=open archive, CA=closed archive, TAMS=top-at-mark-start (previous, next)
|   0|0x0000000709400000, 0x0000000709400000, 0x0000000709600000|  0%| F|  |TAMS 0x0000000709400000, 0x0000000709400000| Untracked 
|   1|0x0000000709600000, 0x0000000709600000, 0x0000000709800000|  0%| F|  |TAMS 0x0000000709600000, 0x0000000709600000| Untracked 
|   2|0x0000000709800000, 0x0000000709800000, 0x0000000709a00000|  0%| F|  |TAMS 0x0000000709800000, 0x0000000709800000| Untracked 
|   3|0x0000000709a00000, 0x0000000709a00000, 0x0000000709c00000|  0%| F|  |TAMS 0x0000000709a00000, 0x0000000709a00000| Untracked 
|   4|0x0000000709c00000, 0x0000000709c00000, 0x0000000709e00000|  0%| F|  |TAMS 0x0000000709c00000, 0x0000000709c00000| Untracked 
|   5|0x0000000709e00000, 0x0000000709e00000, 0x000000070a000000|  0%| F|  |TAMS 0x0000000709e00000, 0x0000000709e00000| Untracked 
|   6|0x000000070a000000, 0x000000070a000000, 0x000000070a200000|  0%| F|  |TAMS 0x000000070a000000, 0x000000070a000000| Untracked 
|   7|0x000000070a200000, 0x000000070a200000, 0x000000070a400000|  0%| F|  |TAMS 0x000000070a200000, 0x000000070a200000| Untracked 
|   8|0x000000070a400000, 0x000000070a400000, 0x000000070a600000|  0%| F|  |TAMS 0x000000070a400000, 0x000000070a400000| Untracked 
|   9|0x000000070a600000, 0x000000070a600000, 0x000000070a800000|  0%| F|  |TAMS 0x000000070a600000, 0x000000070a600000| Untracked 
|  10|0x000000070a800000, 0x000000070a800000, 0x000000070aa00000|  0%| F|  |TAMS 0x000000070a800000, 0x000000070a800000| Untracked 
|  11|0x000000070aa00000, 0x000000070aa00000, 0x000000070ac00000|  0%| F|  |TAMS 0x000000070aa00000, 0x000000070aa00000| Untracked 
|  12|0x000000070ac00000, 0x000000070ac00000, 0x000000070ae00000|  0%| F|  |TAMS 0x000000070ac00000, 0x000000070ac00000| Untracked 
|  13|0x000000070ae00000, 0x000000070ae00000, 0x000000070b000000|  0%| F|  |TAMS 0x000000070ae00000, 0x000000070ae00000| Untracked 
|  14|0x000000070b000000, 0x000000070b000000, 0x000000070b200000|  0%| F|  |TAMS 0x000000070b000000, 0x000000070b000000| Untracked 
|  15|0x000000070b200000, 0x000000070b200000, 0x000000070b400000|  0%| F|  |TAMS 0x000000070b200000, 0x000000070b200000| Untracked 
|  16|0x000000070b400000, 0x000000070b400000, 0x000000070b600000|  0%| F|  |TAMS 0x000000070b400000, 0x000000070b400000| Untracked 
|  17|0x000000070b600000, 0x000000070b600000, 0x000000070b800000|  0%| F|  |TAMS 0x000000070b600000, 0x000000070b600000| Untracked 
|  18|0x000000070b800000, 0x000000070b800000, 0x000000070ba00000|  0%| F|  |TAMS 0x000000070b800000, 0x000000070b800000| Untracked 
|  19|0x000000070ba00000, 0x000000070ba00000, 0x000000070bc00000|  0%| F|  |TAMS 0x000000070ba00000, 0x000000070ba00000| Untracked 
|  20|0x000000070bc00000, 0x000000070bc00000, 0x000000070be00000|  0%| F|  |TAMS 0x000000070bc00000, 0x000000070bc00000| Untracked 
|  21|0x000000070be00000, 0x000000070be00000, 0x000000070c000000|  0%| F|  |TAMS 0x000000070be00000, 0x000000070be00000| Untracked 
|  22|0x000000070c000000, 0x000000070c000000, 0x000000070c200000|  0%| F|  |TAMS 0x000000070c000000, 0x000000070c000000| Untracked 
|  23|0x000000070c200000, 0x000000070c200000, 0x000000070c400000|  0%| F|  |TAMS 0x000000070c200000, 0x000000070c200000| Untracked 
|  24|0x000000070c400000, 0x000000070c400000, 0x000000070c600000|  0%| F|  |TAMS 0x000000070c400000, 0x000000070c400000| Untracked 
|  25|0x000000070c600000, 0x000000070c600000, 0x000000070c800000|  0%| F|  |TAMS 0x000000070c600000, 0x000000070c600000| Untracked 
|  26|0x000000070c800000, 0x000000070c800000, 0x000000070ca00000|  0%| F|  |TAMS 0x000000070c800000, 0x000000070c800000| Untracked 
|  27|0x000000070ca00000, 0x000000070ca00000, 0x000000070cc00000|  0%| F|  |TAMS 0x000000070ca00000, 0x000000070ca00000| Untracked 
|  28|0x000000070cc00000, 0x000000070cc00000, 0x000000070ce00000|  0%| F|  |TAMS 0x000000070cc00000, 0x000000070cc00000| Untracked 
|  29|0x000000070ce00000, 0x000000070ce00000, 0x000000070d000000|  0%| F|  |TAMS 0x000000070ce00000, 0x000000070ce00000| Untracked 
|  30|0x000000070d000000, 0x000000070d000000, 0x000000070d200000|  0%| F|  |TAMS 0x000000070d000000, 0x000000070d000000| Untracked 
|  31|0x000000070d200000, 0x000000070d200000, 0x000000070d400000|  0%| F|  |TAMS 0x000000070d200000, 0x000000070d200000| Untracked 
|  32|0x000000070d400000, 0x000000070d400000, 0x000000070d600000|  0%| F|  |TAMS 0x000000070d400000, 0x000000070d400000| Untracked 
|  33|0x000000070d600000, 0x000000070d600000, 0x000000070d800000|  0%| F|  |TAMS 0x000000070d600000, 0x000000070d600000| Untracked 
|  34|0x000000070d800000, 0x000000070d800000, 0x000000070da00000|  0%| F|  |TAMS 0x000000070d800000, 0x000000070d800000| Untracked 
|  35|0x000000070da00000, 0x000000070da00000, 0x000000070dc00000|  0%| F|  |TAMS 0x000000070da00000, 0x000000070da00000| Untracked 
|  36|0x000000070dc00000, 0x000000070dc00000, 0x000000070de00000|  0%| F|  |TAMS 0x000000070dc00000, 0x000000070dc00000| Untracked 
|  37|0x000000070de00000, 0x000000070de00000, 0x000000070e000000|  0%| F|  |TAMS 0x000000070de00000, 0x000000070de00000| Untracked 
|  38|0x000000070e000000, 0x000000070e000000, 0x000000070e200000|  0%| F|  |TAMS 0x000000070e000000, 0x000000070e000000| Untracked 
|  39|0x000000070e200000, 0x000000070e200000, 0x000000070e400000|  0%| F|  |TAMS 0x000000070e200000, 0x000000070e200000| Untracked 
|  40|0x000000070e400000, 0x000000070e400000, 0x000000070e600000|  0%| F|  |TAMS 0x000000070e400000, 0x000000070e400000| Untracked 
|  41|0x000000070e600000, 0x000000070e600000, 0x000000070e800000|  0%| F|  |TAMS 0x000000070e600000, 0x000000070e600000| Untracked 
|  42|0x000000070e800000, 0x000000070e800000, 0x000000070ea00000|  0%| F|  |TAMS 0x000000070e800000, 0x000000070e800000| Untracked 
|  43|0x000000070ea00000, 0x000000070ea00000, 0x000000070ec00000|  0%| F|  |TAMS 0x000000070ea00000, 0x000000070ea00000| Untracked 
|  44|0x000000070ec00000, 0x000000070ec00000, 0x000000070ee00000|  0%| F|  |TAMS 0x000000070ec00000, 0x000000070ec00000| Untracked 
|  45|0x000000070ee00000, 0x000000070ee00000, 0x000000070f000000|  0%| F|  |TAMS 0x000000070ee00000, 0x000000070ee00000| Untracked 
|  46|0x000000070f000000, 0x000000070f000000, 0x000000070f200000|  0%| F|  |TAMS 0x000000070f000000, 0x000000070f000000| Untracked 
|  47|0x000000070f200000, 0x000000070f200000, 0x000000070f400000|  0%| F|  |TAMS 0x000000070f200000, 0x000000070f200000| Untracked 
|  48|0x000000070f400000, 0x000000070f400000, 0x000000070f600000|  0%| F|  |TAMS 0x000000070f400000, 0x000000070f400000| Untracked 
|  49|0x000000070f600000, 0x000000070f600000, 0x000000070f800000|  0%| F|  |TAMS 0x000000070f600000, 0x000000070f600000| Untracked 
|  50|0x000000070f800000, 0x000000070f800000, 0x000000070fa00000|  0%| F|  |TAMS 0x000000070f800000, 0x000000070f800000| Untracked 
|  51|0x000000070fa00000, 0x000000070fa00000, 0x000000070fc00000|  0%| F|  |TAMS 0x000000070fa00000, 0x000000070fa00000| Untracked 
|  52|0x000000070fc00000, 0x000000070fc00000, 0x000000070fe00000|  0%| F|  |TAMS 0x000000070fc00000, 0x000000070fc00000| Untracked 
|  53|0x000000070fe00000, 0x000000070fe00000, 0x0000000710000000|  0%| F|  |TAMS 0x000000070fe00000, 0x000000070fe00000| Untracked 
|  54|0x0000000710000000, 0x0000000710000000, 0x0000000710200000|  0%| F|  |TAMS 0x0000000710000000, 0x0000000710000000| Untracked 
|  55|0x0000000710200000, 0x0000000710200000, 0x0000000710400000|  0%| F|  |TAMS 0x0000000710200000, 0x0000000710200000| Untracked 
|  56|0x0000000710400000, 0x0000000710400000, 0x0000000710600000|  0%| F|  |TAMS 0x0000000710400000, 0x0000000710400000| Untracked 
|  57|0x0000000710600000, 0x0000000710600000, 0x0000000710800000|  0%| F|  |TAMS 0x0000000710600000, 0x0000000710600000| Untracked 
|  58|0x0000000710800000, 0x0000000710800000, 0x0000000710a00000|  0%| F|  |TAMS 0x0000000710800000, 0x0000000710800000| Untracked 
|  59|0x0000000710a00000, 0x0000000710a00000, 0x0000000710c00000|  0%| F|  |TAMS 0x0000000710a00000, 0x0000000710a00000| Untracked 
|  60|0x0000000710c00000, 0x0000000710c00000, 0x0000000710e00000|  0%| F|  |TAMS 0x0000000710c00000, 0x0000000710c00000| Untracked 
|  61|0x0000000710e00000, 0x0000000710e00000, 0x0000000711000000|  0%| F|  |TAMS 0x0000000710e00000, 0x0000000710e00000| Untracked 
|  62|0x0000000711000000, 0x0000000711000000, 0x0000000711200000|  0%| F|  |TAMS 0x0000000711000000, 0x0000000711000000| Untracked 
|  63|0x0000000711200000, 0x0000000711200000, 0x0000000711400000|  0%| F|  |TAMS 0x0000000711200000, 0x0000000711200000| Untracked 
|  64|0x0000000711400000, 0x0000000711400000, 0x0000000711600000|  0%| F|  |TAMS 0x0000000711400000, 0x0000000711400000| Untracked 
|  65|0x0000000711600000, 0x0000000711600000, 0x0000000711800000|  0%| F|  |TAMS 0x0000000711600000, 0x0000000711600000| Untracked 
|  66|0x0000000711800000, 0x0000000711800000, 0x0000000711a00000|  0%| F|  |TAMS 0x0000000711800000, 0x0000000711800000| Untracked 
|  67|0x0000000711a00000, 0x0000000711a00000, 0x0000000711c00000|  0%| F|  |TAMS 0x0000000711a00000, 0x0000000711a00000| Untracked 
|  68|0x0000000711c00000, 0x0000000711c00000, 0x0000000711e00000|  0%| F|  |TAMS 0x0000000711c00000, 0x0000000711c00000| Untracked 
|  69|0x0000000711e00000, 0x0000000711e00000, 0x0000000712000000|  0%| F|  |TAMS 0x0000000711e00000, 0x0000000711e00000| Untracked 
|  70|0x0000000712000000, 0x0000000712000000, 0x0000000712200000|  0%| F|  |TAMS 0x0000000712000000, 0x0000000712000000| Untracked 
|  71|0x0000000712200000, 0x0000000712200000, 0x0000000712400000|  0%| F|  |TAMS 0x0000000712200000, 0x0000000712200000| Untracked 
|  72|0x0000000712400000, 0x0000000712400000, 0x0000000712600000|  0%| F|  |TAMS 0x0000000712400000, 0x0000000712400000| Untracked 
|  73|0x0000000712600000, 0x0000000712600000, 0x0000000712800000|  0%| F|  |TAMS 0x0000000712600000, 0x0000000712600000| Untracked 
|  74|0x0000000712800000, 0x0000000712800000, 0x0000000712a00000|  0%| F|  |TAMS 0x0000000712800000, 0x0000000712800000| Untracked 
|  75|0x0000000712a00000, 0x0000000712a00000, 0x0000000712c00000|  0%| F|  |TAMS 0x0000000712a00000, 0x0000000712a00000| Untracked 
|  76|0x0000000712c00000, 0x0000000712c00000, 0x0000000712e00000|  0%| F|  |TAMS 0x0000000712c00000, 0x0000000712c00000| Untracked 
|  77|0x0000000712e00000, 0x0000000712e00000, 0x0000000713000000|  0%| F|  |TAMS 0x0000000712e00000, 0x0000000712e00000| Untracked 
|  78|0x0000000713000000, 0x0000000713000000, 0x0000000713200000|  0%| F|  |TAMS 0x0000000713000000, 0x0000000713000000| Untracked 
|  79|0x0000000713200000, 0x0000000713200000, 0x0000000713400000|  0%| F|  |TAMS 0x0000000713200000, 0x0000000713200000| Untracked 
|  80|0x0000000713400000, 0x0000000713400000, 0x0000000713600000|  0%| F|  |TAMS 0x0000000713400000, 0x0000000713400000| Untracked 
|  81|0x0000000713600000, 0x0000000713600000, 0x0000000713800000|  0%| F|  |TAMS 0x0000000713600000, 0x0000000713600000| Untracked 
|  82|0x0000000713800000, 0x0000000713800000, 0x0000000713a00000|  0%| F|  |TAMS 0x0000000713800000, 0x0000000713800000| Untracked 
|  83|0x0000000713a00000, 0x0000000713a00000, 0x0000000713c00000|  0%| F|  |TAMS 0x0000000713a00000, 0x0000000713a00000| Untracked 
|  84|0x0000000713c00000, 0x0000000713c00000, 0x0000000713e00000|  0%| F|  |TAMS 0x0000000713c00000, 0x0000000713c00000| Untracked 
|  85|0x0000000713e00000, 0x0000000713e00000, 0x0000000714000000|  0%| F|  |TAMS 0x0000000713e00000, 0x0000000713e00000| Untracked 
|  86|0x0000000714000000, 0x0000000714000000, 0x0000000714200000|  0%| F|  |TAMS 0x0000000714000000, 0x0000000714000000| Untracked 
|  87|0x0000000714200000, 0x0000000714200000, 0x0000000714400000|  0%| F|  |TAMS 0x0000000714200000, 0x0000000714200000| Untracked 
|  88|0x0000000714400000, 0x0000000714400000, 0x0000000714600000|  0%| F|  |TAMS 0x0000000714400000, 0x0000000714400000| Untracked 
|  89|0x0000000714600000, 0x0000000714600000, 0x0000000714800000|  0%| F|  |TAMS 0x0000000714600000, 0x0000000714600000| Untracked 
|  90|0x0000000714800000, 0x0000000714800000, 0x0000000714a00000|  0%| F|  |TAMS 0x0000000714800000, 0x0000000714800000| Untracked 
|  91|0x0000000714a00000, 0x0000000714a00000, 0x0000000714c00000|  0%| F|  |TAMS 0x0000000714a00000, 0x0000000714a00000| Untracked 
|  92|0x0000000714c00000, 0x0000000714c00000, 0x0000000714e00000|  0%| F|  |TAMS 0x0000000714c00000, 0x0000000714c00000| Untracked 
|  93|0x0000000714e00000, 0x0000000714e00000, 0x0000000715000000|  0%| F|  |TAMS 0x0000000714e00000, 0x0000000714e00000| Untracked 
|  94|0x0000000715000000, 0x0000000715000000, 0x0000000715200000|  0%| F|  |TAMS 0x0000000715000000, 0x0000000715000000| Untracked 
|  95|0x0000000715200000, 0x0000000715200000, 0x0000000715400000|  0%| F|  |TAMS 0x0000000715200000, 0x0000000715200000| Untracked 
|  96|0x0000000715400000, 0x0000000715400000, 0x0000000715600000|  0%| F|  |TAMS 0x0000000715400000, 0x0000000715400000| Untracked 
|  97|0x0000000715600000, 0x0000000715600000, 0x0000000715800000|  0%| F|  |TAMS 0x0000000715600000, 0x0000000715600000| Untracked 
|  98|0x0000000715800000, 0x0000000715800000, 0x0000000715a00000|  0%| F|  |TAMS 0x0000000715800000, 0x0000000715800000| Untracked 
|  99|0x0000000715a00000, 0x0000000715a00000, 0x0000000715c00000|  0%| F|  |TAMS 0x0000000715a00000, 0x0000000715a00000| Untracked 
| 100|0x0000000715c00000, 0x0000000715c00000, 0x0000000715e00000|  0%| F|  |TAMS 0x0000000715c00000, 0x0000000715c00000| Untracked 
| 101|0x0000000715e00000, 0x0000000715e00000, 0x0000000716000000|  0%| F|  |TAMS 0x0000000715e00000, 0x0000000715e00000| Untracked 
| 102|0x0000000716000000, 0x0000000716000000, 0x0000000716200000|  0%| F|  |TAMS 0x0000000716000000, 0x0000000716000000| Untracked 
| 103|0x0000000716200000, 0x0000000716200000, 0x0000000716400000|  0%| F|  |TAMS 0x0000000716200000, 0x0000000716200000| Untracked 
| 104|0x0000000716400000, 0x0000000716400000, 0x0000000716600000|  0%| F|  |TAMS 0x0000000716400000, 0x0000000716400000| Untracked 
| 105|0x0000000716600000, 0x0000000716600000, 0x0000000716800000|  0%| F|  |TAMS 0x0000000716600000, 0x0000000716600000| Untracked 
| 106|0x0000000716800000, 0x0000000716800000, 0x0000000716a00000|  0%| F|  |TAMS 0x0000000716800000, 0x0000000716800000| Untracked 
| 107|0x0000000716a00000, 0x0000000716a00000, 0x0000000716c00000|  0%| F|  |TAMS 0x0000000716a00000, 0x0000000716a00000| Untracked 
| 108|0x0000000716c00000, 0x0000000716c00000, 0x0000000716e00000|  0%| F|  |TAMS 0x0000000716c00000, 0x0000000716c00000| Untracked 
| 109|0x0000000716e00000, 0x0000000716e00000, 0x0000000717000000|  0%| F|  |TAMS 0x0000000716e00000, 0x0000000716e00000| Untracked 
| 110|0x0000000717000000, 0x0000000717000000, 0x0000000717200000|  0%| F|  |TAMS 0x0000000717000000, 0x0000000717000000| Untracked 
| 111|0x0000000717200000, 0x0000000717200000, 0x0000000717400000|  0%| F|  |TAMS 0x0000000717200000, 0x0000000717200000| Untracked 
| 112|0x0000000717400000, 0x0000000717400000, 0x0000000717600000|  0%| F|  |TAMS 0x0000000717400000, 0x0000000717400000| Untracked 
| 113|0x0000000717600000, 0x0000000717600000, 0x0000000717800000|  0%| F|  |TAMS 0x0000000717600000, 0x0000000717600000| Untracked 
| 114|0x0000000717800000, 0x0000000717800000, 0x0000000717a00000|  0%| F|  |TAMS 0x0000000717800000, 0x0000000717800000| Untracked 
| 115|0x0000000717a00000, 0x0000000717a00000, 0x0000000717c00000|  0%| F|  |TAMS 0x0000000717a00000, 0x0000000717a00000| Untracked 
| 116|0x0000000717c00000, 0x0000000717c71298, 0x0000000717e00000| 22%| E|  |TAMS 0x0000000717c00000, 0x0000000717c00000| Complete 
| 117|0x0000000717e00000, 0x0000000718000000, 0x0000000718000000|100%| E|CS|TAMS 0x0000000717e00000, 0x0000000717e00000| Complete 
| 118|0x0000000718000000, 0x0000000718200000, 0x0000000718200000|100%| E|CS|TAMS 0x0000000718000000, 0x0000000718000000| Complete 
| 119|0x0000000718200000, 0x0000000718400000, 0x0000000718400000|100%| E|CS|TAMS 0x0000000718200000, 0x0000000718200000| Complete 
| 120|0x0000000718400000, 0x0000000718600000, 0x0000000718600000|100%| E|CS|TAMS 0x0000000718400000, 0x0000000718400000| Complete 
| 121|0x0000000718600000, 0x0000000718800000, 0x0000000718800000|100%| E|CS|TAMS 0x0000000718600000, 0x0000000718600000| Complete 
| 122|0x0000000718800000, 0x0000000718a00000, 0x0000000718a00000|100%| E|CS|TAMS 0x0000000718800000, 0x0000000718800000| Complete 
| 123|0x0000000718a00000, 0x0000000718c00000, 0x0000000718c00000|100%| E|CS|TAMS 0x0000000718a00000, 0x0000000718a00000| Complete 

Card table byte_map: [0x000001e2995c0000,0x000001e299d80000] _byte_map_base: 0x000001e295d76000

Marking Bits (Prev, Next): (CMBitMap*) 0x000001e285e7cbb0, (CMBitMap*) 0x000001e285e7cbf0
 Prev Bits: [0x000001e29a540000, 0x000001e29e2f0000)
 Next Bits: [0x000001e29e2f0000, 0x000001e2a20a0000)

Polling page: 0x000001e2855d0000

Metaspace:

Usage:
  Non-class:     14.30 MB used.
      Class:      1.66 MB used.
       Both:     15.96 MB used.

Virtual space:
  Non-class space:       64.00 MB reserved,      14.38 MB ( 22%) committed,  1 nodes.
      Class space:        1.00 GB reserved,       1.75 MB ( <1%) committed,  1 nodes.
             Both:        1.06 GB reserved,      16.12 MB (  1%) committed. 

Chunk freelists:
   Non-Class:  944.00 KB
       Class:  14.22 MB
        Both:  15.14 MB

MaxMetaspaceSize: unlimited
CompressedClassSpaceSize: 1.00 GB
Initial GC threshold: 21.00 MB
Current GC threshold: 21.00 MB
CDS: off
MetaspaceReclaimPolicy: balanced
 - commit_granule_bytes: 65536.
 - commit_granule_words: 8192.
 - virtual_space_node_default_size: 8388608.
 - enlarge_chunks_in_place: 1.
 - new_chunks_are_fully_committed: 0.
 - uncommit_free_chunks: 1.
 - use_allocation_guard: 0.
 - handle_deallocations: 1.


Internal statistics:

num_allocs_failed_limit: 0.
num_arena_births: 128.
num_arena_deaths: 0.
num_vsnodes_births: 2.
num_vsnodes_deaths: 0.
num_space_committed: 258.
num_space_uncommitted: 0.
num_chunks_returned_to_freelist: 0.
num_chunks_taken_from_freelist: 278.
num_chunk_merges: 0.
num_chunk_splits: 152.
num_chunks_enlarged: 88.
num_inconsistent_stats: 0.

CodeHeap 'non-profiled nmethods': size=119168Kb used=323Kb max_used=323Kb free=118844Kb
 bounds [0x000001e291120000, 0x000001e291390000, 0x000001e298580000]
CodeHeap 'profiled nmethods': size=119104Kb used=1885Kb max_used=1885Kb free=117218Kb
 bounds [0x000001e289580000, 0x000001e2897f0000, 0x000001e2909d0000]
CodeHeap 'non-nmethods': size=7488Kb used=2315Kb max_used=2332Kb free=5172Kb
 bounds [0x000001e2909d0000, 0x000001e290c40000, 0x000001e291120000]
 total_blobs=1589 nmethods=1104 adapters=396
 compilation: enabled
              stopped_count=0, restarted_count=0
 full_count=0

Compilation events (20 events):
Event: 0.684 Thread 0x000001e2a54ae7e0 1095       3       java.lang.invoke.InvokerBytecodeGenerator::emitStoreResult (27 bytes)
Event: 0.684 Thread 0x000001e2a5486290 1096       3       java.lang.invoke.LambdaForm$NamedFunction::intrinsicName (21 bytes)
Event: 0.684 Thread 0x000001e2a5319940 1097       3       java.lang.invoke.LambdaForm$NamedFunction::member (26 bytes)
Event: 0.684 Thread 0x000001e2a5319940 nmethod 1097 0x000001e289750390 code [0x000001e289750520, 0x000001e289750638]
Event: 0.684 Thread 0x000001e2a5319940 1098       3       java.lang.invoke.InvokerBytecodeGenerator::isStaticallyInvocable (165 bytes)
Event: 0.684 Thread 0x000001e2a54ae7e0 nmethod 1095 0x000001e289750710 code [0x000001e2897508c0, 0x000001e289750aa8]
Event: 0.684 Thread 0x000001e2a5486290 nmethod 1096 0x000001e289750b90 code [0x000001e289750d40, 0x000001e289750f88]
Event: 0.684 Thread 0x000001e2a5486290 1099       3       java.lang.invoke.MemberName::isPrivate (8 bytes)
Event: 0.684 Thread 0x000001e2a54ae7e0 1100       3       java.lang.invoke.InvokerBytecodeGenerator::emitStaticInvoke (258 bytes)
Event: 0.684 Thread 0x000001e2a5318ea0 nmethod 1081 0x000001e29116f090 code [0x000001e29116f220, 0x000001e29116f4f8]
Event: 0.684 Thread 0x000001e2a5486290 nmethod 1099 0x000001e289751090 code [0x000001e289751220, 0x000001e2897513f8]
Event: 0.685 Thread 0x000001e2a5486290 1101       3       java.lang.invoke.InvokerBytecodeGenerator::refKindOpcode (112 bytes)
Event: 0.685 Thread 0x000001e2a5318ea0 1080       4       sun.security.util.math.intpoly.IntegerPolynomialP256::mult (943 bytes)
Event: 0.685 Thread 0x000001e2a5486290 nmethod 1101 0x000001e289751490 code [0x000001e289751700, 0x000001e289751fb8]
Event: 0.685 Thread 0x000001e2a5486290 1102   !   3       java.lang.invoke.MethodHandle::setVarargs (25 bytes)
Event: 0.685 Thread 0x000001e2a54ae7e0 nmethod 1100 0x000001e289752210 code [0x000001e289752520, 0x000001e2897534e8]
Event: 0.685 Thread 0x000001e2a54ae7e0 1103       3       java.lang.invoke.MemberName::isVarargs (23 bytes)
Event: 0.685 Thread 0x000001e2a5486290 nmethod 1102 0x000001e289753b10 code [0x000001e289753d20, 0x000001e2897543d8]
Event: 0.686 Thread 0x000001e2a54ae7e0 nmethod 1103 0x000001e289756f10 code [0x000001e2897570e0, 0x000001e289757578]
Event: 0.686 Thread 0x000001e2a5319940 nmethod 1098 0x000001e289754610 code [0x000001e289754a40, 0x000001e289756768]

GC Heap History (0 events):
No events

Dll operation events (1 events):
Event: 0.013 Loaded shared library C:\Program Files\JetBrains\PyCharm 2023.2\jbr\bin\java.dll

Deoptimization events (20 events):
Event: 0.675 Thread 0x000001e2a5bda260 Uncommon trap: trap_request=0xffffffc6 fr.pc=0x000001e29116aa1c relative=0x00000000000000dc
Event: 0.675 Thread 0x000001e2a5bda260 Uncommon trap: reason=bimorphic_or_optimized_type_check action=maybe_recompile pc=0x000001e29116aa1c method=sun.security.util.math.intpoly.IntegerPolynomial$MutableElement.setProduct(Lsun/security/util/math/IntegerModuloP;)Lsun/security/util/math/intpoly/
Event: 0.675 Thread 0x000001e2a5bda260 DEOPT PACKING pc=0x000001e29116aa1c sp=0x0000006d946fe1c0
Event: 0.675 Thread 0x000001e2a5bda260 DEOPT UNPACKING pc=0x000001e290a269a3 sp=0x0000006d946fe0e8 mode 2
Event: 0.675 Thread 0x000001e2a5bda260 Uncommon trap: trap_request=0xffffffc6 fr.pc=0x000001e29116aa1c relative=0x00000000000000dc
Event: 0.675 Thread 0x000001e2a5bda260 Uncommon trap: reason=bimorphic_or_optimized_type_check action=maybe_recompile pc=0x000001e29116aa1c method=sun.security.util.math.intpoly.IntegerPolynomial$MutableElement.setProduct(Lsun/security/util/math/IntegerModuloP;)Lsun/security/util/math/intpoly/
Event: 0.675 Thread 0x000001e2a5bda260 DEOPT PACKING pc=0x000001e29116aa1c sp=0x0000006d946fe1c0
Event: 0.675 Thread 0x000001e2a5bda260 DEOPT UNPACKING pc=0x000001e290a269a3 sp=0x0000006d946fe0e8 mode 2
Event: 0.675 Thread 0x000001e2a5bda260 Uncommon trap: trap_request=0xffffffc6 fr.pc=0x000001e29116aa1c relative=0x00000000000000dc
Event: 0.675 Thread 0x000001e2a5bda260 Uncommon trap: reason=bimorphic_or_optimized_type_check action=maybe_recompile pc=0x000001e29116aa1c method=sun.security.util.math.intpoly.IntegerPolynomial$MutableElement.setProduct(Lsun/security/util/math/IntegerModuloP;)Lsun/security/util/math/intpoly/
Event: 0.675 Thread 0x000001e2a5bda260 DEOPT PACKING pc=0x000001e29116aa1c sp=0x0000006d946fe1c0
Event: 0.675 Thread 0x000001e2a5bda260 DEOPT UNPACKING pc=0x000001e290a269a3 sp=0x0000006d946fe0e8 mode 2
Event: 0.675 Thread 0x000001e2a5bda260 Uncommon trap: trap_request=0xffffffc6 fr.pc=0x000001e29116aa1c relative=0x00000000000000dc
Event: 0.675 Thread 0x000001e2a5bda260 Uncommon trap: reason=bimorphic_or_optimized_type_check action=maybe_recompile pc=0x000001e29116aa1c method=sun.security.util.math.intpoly.IntegerPolynomial$MutableElement.setProduct(Lsun/security/util/math/IntegerModuloP;)Lsun/security/util/math/intpoly/
Event: 0.675 Thread 0x000001e2a5bda260 DEOPT PACKING pc=0x000001e29116aa1c sp=0x0000006d946fe1c0
Event: 0.675 Thread 0x000001e2a5bda260 DEOPT UNPACKING pc=0x000001e290a269a3 sp=0x0000006d946fe0e8 mode 2
Event: 0.675 Thread 0x000001e2a5bda260 Uncommon trap: trap_request=0xffffffc6 fr.pc=0x000001e29116b79c relative=0x00000000000000dc
Event: 0.675 Thread 0x000001e2a5bda260 Uncommon trap: reason=bimorphic_or_optimized_type_check action=maybe_recompile pc=0x000001e29116b79c method=sun.security.util.math.intpoly.IntegerPolynomial$MutableElement.setProduct(Lsun/security/util/math/IntegerModuloP;)Lsun/security/util/math/intpoly/
Event: 0.675 Thread 0x000001e2a5bda260 DEOPT PACKING pc=0x000001e29116b79c sp=0x0000006d946fe160
Event: 0.675 Thread 0x000001e2a5bda260 DEOPT UNPACKING pc=0x000001e290a269a3 sp=0x0000006d946fe0f0 mode 2

Classes unloaded (0 events):
No events

Classes redefined (0 events):
No events

Internal exceptions (20 events):
Event: 0.245 Thread 0x000001e285e12000 Exception <a 'java/lang/NoSuchMethodError'{0x000000071867baf8}: 'java.lang.Object java.lang.invoke.DirectMethodHandle$Holder.invokeStaticInit(java.lang.Object, int, int, int, int)'> (0x000000071867baf8) 
thrown [s\src\hotspot\share\interpreter\linkResolver.cpp, line 771]
Event: 0.309 Thread 0x000001e285e12000 Exception <a 'java/lang/NoSuchMethodError'{0x0000000718767978}: 'java.lang.Object java.lang.invoke.DirectMethodHandle$Holder.invokeStaticInit(java.lang.Object, java.lang.Object, int, int, int, int)'> (0x0000000718767978) 
thrown [s\src\hotspot\share\interpreter\linkResolver.cpp, line 771]
Event: 0.320 Thread 0x000001e285e12000 Exception <a 'java/lang/NoSuchMethodError'{0x00000007187c8390}: 'java.lang.Object java.lang.invoke.DirectMethodHandle$Holder.invokeStatic(java.lang.Object, java.lang.Object, int)'> (0x00000007187c8390) 
thrown [s\src\hotspot\share\interpreter\linkResolver.cpp, line 771]
Event: 0.320 Thread 0x000001e285e12000 Exception <a 'java/lang/NoSuchMethodError'{0x00000007187d3e00}: 'java.lang.Object java.lang.invoke.DirectMethodHandle$Holder.invokeStaticInit(java.lang.Object, java.lang.Object, int)'> (0x00000007187d3e00) 
thrown [s\src\hotspot\share\interpreter\linkResolver.cpp, line 771]
Event: 0.321 Thread 0x000001e285e12000 Exception <a 'java/lang/NoSuchMethodError'{0x00000007187da1b0}: 'java.lang.Object java.lang.invoke.DirectMethodHandle$Holder.newInvokeSpecial(java.lang.Object, java.lang.Object, int)'> (0x00000007187da1b0) 
thrown [s\src\hotspot\share\interpreter\linkResolver.cpp, line 771]
Event: 0.324 Thread 0x000001e285e12000 Exception <a 'java/lang/NoSuchMethodError'{0x00000007187e9990}: 'int java.lang.invoke.DirectMethodHandle$Holder.invokeStaticInit(java.lang.Object, java.lang.Object, java.lang.Object)'> (0x00000007187e9990) 
thrown [s\src\hotspot\share\interpreter\linkResolver.cpp, line 771]
Event: 0.326 Thread 0x000001e285e12000 Exception <a 'java/lang/NoSuchMethodError'{0x00000007187f9b70}: 'int java.lang.invoke.DirectMethodHandle$Holder.invokeSpecial(java.lang.Object, java.lang.Object, java.lang.Object)'> (0x00000007187f9b70) 
thrown [s\src\hotspot\share\interpreter\linkResolver.cpp, line 771]
Event: 0.328 Thread 0x000001e285e12000 Exception <a 'java/lang/NoSuchMethodError'{0x0000000718402500}: 'int java.lang.invoke.DirectMethodHandle$Holder.invokeSpecialIFC(java.lang.Object, java.lang.Object, java.lang.Object)'> (0x0000000718402500) 
thrown [s\src\hotspot\share\interpreter\linkResolver.cpp, line 771]
Event: 0.352 Thread 0x000001e285e12000 Exception <a 'java/lang/NoSuchMethodError'{0x000000071848f7b8}: 'java.lang.Object java.lang.invoke.DirectMethodHandle$Holder.invokeStaticInit(java.lang.Object)'> (0x000000071848f7b8) 
thrown [s\src\hotspot\share\interpreter\linkResolver.cpp, line 771]
Event: 0.419 Thread 0x000001e285e12000 Exception <a 'java/lang/NoSuchMethodError'{0x0000000718258218}: 'java.lang.Object java.lang.invoke.DirectMethodHandle$Holder.newInvokeSpecial(java.lang.Object, java.lang.Object, java.lang.Object, java.lang.Object, java.lang.Object)'> (0x0000000718258218) 
thrown [s\src\hotspot\share\interpreter\linkResolver.cpp, line 771]
Event: 0.450 Thread 0x000001e285e12000 Exception <a 'java/lang/NoSuchMethodError'{0x0000000718056738}: 'java.lang.Object java.lang.invoke.DirectMethodHandle$Holder.invokeSpecial(java.lang.Object, java.lang.Object, java.lang.Object, java.lang.Object, int)'> (0x0000000718056738) 
thrown [s\src\hotspot\share\interpreter\linkResolver.cpp, line 771]
Event: 0.450 Thread 0x000001e285e12000 Exception <a 'java/lang/NoSuchMethodError'{0x000000071805a300}: 'java.lang.Object java.lang.invoke.Invokers$Holder.linkToTargetMethod(java.lang.Object, java.lang.Object, int, java.lang.Object)'> (0x000000071805a300) 
thrown [s\src\hotspot\share\interpreter\linkResolver.cpp, line 771]
Event: 0.458 Thread 0x000001e285e12000 Exception <a 'java/lang/NoSuchMethodError'{0x00000007180ba968}: 'void java.lang.invoke.DirectMethodHandle$Holder.invokeSpecial(java.lang.Object, java.lang.Object, java.lang.Object)'> (0x00000007180ba968) 
thrown [s\src\hotspot\share\interpreter\linkResolver.cpp, line 771]
Event: 0.471 Thread 0x000001e2a5adbc10 Exception <a 'java/lang/NoSuchMethodError'{0x0000000718293678}: 'void java.lang.invoke.DirectMethodHandle$Holder.invokeStatic(java.lang.Object, java.lang.Object, int)'> (0x0000000718293678) 
thrown [s\src\hotspot\share\interpreter\linkResolver.cpp, line 771]
Event: 0.471 Thread 0x000001e285e12000 Exception <a 'java/lang/NoSuchMethodError'{0x0000000718141ab8}: 'void java.lang.invoke.DirectMethodHandle$Holder.invokeSpecial(java.lang.Object, java.lang.Object, java.lang.Object, java.lang.Object, java.lang.Object)'> (0x0000000718141ab8) 
thrown [s\src\hotspot\share\interpreter\linkResolver.cpp, line 771]
Event: 0.478 Thread 0x000001e2a5bda260 Exception <a 'java/lang/NoSuchMethodError'{0x00000007181f3550}: 'void java.lang.invoke.DirectMethodHandle$Holder.invokeInterface(java.lang.Object, java.lang.Object, java.lang.Object)'> (0x00000007181f3550) 
thrown [s\src\hotspot\share\interpreter\linkResolver.cpp, line 771]
Event: 0.480 Thread 0x000001e2a5bda260 Exception <a 'java/lang/NoSuchMethodError'{0x0000000717e0a2d0}: 'int java.lang.invoke.DirectMethodHandle$Holder.invokeStaticInit(java.lang.Object, int, int)'> (0x0000000717e0a2d0) 
thrown [s\src\hotspot\share\interpreter\linkResolver.cpp, line 771]
Event: 0.485 Thread 0x000001e2a5bda260 Exception <a 'java/lang/NoSuchMethodError'{0x0000000717e4ca48}: 'void java.lang.invoke.DirectMethodHandle$Holder.invokeVirtual(java.lang.Object, java.lang.Object)'> (0x0000000717e4ca48) 
thrown [s\src\hotspot\share\interpreter\linkResolver.cpp, line 771]
Event: 0.650 Thread 0x000001e2a5bda260 Exception <a 'java/lang/NoSuchMethodError'{0x0000000717f95718}: 'void java.lang.invoke.DirectMethodHandle$Holder.invokeInterface(java.lang.Object, java.lang.Object)'> (0x0000000717f95718) 
thrown [s\src\hotspot\share\interpreter\linkResolver.cpp, line 771]
Event: 0.684 Thread 0x000001e2a5bda260 Exception <a 'java/lang/NoSuchMethodError'{0x0000000717c16218}: 'void java.lang.invoke.DirectMethodHandle$Holder.invokeStatic(java.lang.Object, java.lang.Object, java.lang.Object, java.lang.Object)'> (0x0000000717c16218) 
thrown [s\src\hotspot\share\interpreter\linkResolver.cpp, line 771]

VM Operations (8 events):
Event: 0.109 Executing VM operation: HandshakeAllThreads
Event: 0.109 Executing VM operation: HandshakeAllThreads done
Event: 0.122 Executing VM operation: HandshakeAllThreads
Event: 0.122 Executing VM operation: HandshakeAllThreads done
Event: 0.259 Executing VM operation: HandshakeAllThreads
Event: 0.259 Executing VM operation: HandshakeAllThreads done
Event: 0.354 Executing VM operation: HandshakeAllThreads
Event: 0.355 Executing VM operation: HandshakeAllThreads done

Events (20 events):
Event: 0.680 loading class sun/security/ssl/Finished$T12VerifyDataGenerator
Event: 0.680 loading class sun/security/ssl/Finished$T12VerifyDataGenerator done
Event: 0.680 loading class sun/security/ssl/Finished$T13VerifyDataGenerator
Event: 0.680 loading class sun/security/ssl/Finished$T13VerifyDataGenerator done
Event: 0.680 loading class sun/security/ssl/Finished$1
Event: 0.680 loading class sun/security/ssl/Finished$1 done
Event: 0.680 loading class sun/security/ssl/SSLBasicKeyDerivation
Event: 0.680 loading class sun/security/ssl/SSLBasicKeyDerivation done
Event: 0.680 loading class sun/security/ssl/SSLBasicKeyDerivation$SecretSizeSpec
Event: 0.680 loading class sun/security/ssl/SSLBasicKeyDerivation$SecretSizeSpec done
Event: 0.682 loading class jdk/internal/event/TLSHandshakeEvent
Event: 0.682 loading class jdk/internal/event/TLSHandshakeEvent done
Event: 0.682 loading class com/sun/crypto/provider/GaloisCounterMode$GCMEncrypt
Event: 0.683 loading class com/sun/crypto/provider/GaloisCounterMode$GCMEncrypt done
Event: 0.683 loading class com/sun/crypto/provider/GaloisCounterMode$GCTRGHASH
Event: 0.683 loading class com/sun/crypto/provider/GaloisCounterMode$GCTRGHASH done
Event: 0.683 loading class sun/security/ssl/CipherSuite$1
Event: 0.683 loading class sun/security/ssl/CipherSuite$1 done
Event: 0.685 loading class java/util/concurrent/CompletionException
Event: 0.685 loading class java/util/concurrent/CompletionException done


Dynamic libraries:
0x00007ff7067e0000 - 0x00007ff7067ea000 	C:\Program Files\JetBrains\PyCharm 2023.2\jbr\bin\java.exe
0x00007ffccadb0000 - 0x00007ffccafc4000 	C:\Windows\SYSTEM32\ntdll.dll
0x00007ffcc8f70000 - 0x00007ffcc9032000 	C:\Windows\System32\KERNEL32.DLL
0x00007ffcc87b0000 - 0x00007ffcc8b53000 	C:\Windows\System32\KERNELBASE.dll
0x00007ffcc84a0000 - 0x00007ffcc85b1000 	C:\Windows\System32\ucrtbase.dll
0x00007ffca1ce0000 - 0x00007ffca1cf7000 	C:\Program Files\JetBrains\PyCharm 2023.2\jbr\bin\jli.dll
0x00007ffcca250000 - 0x00007ffcca3fa000 	C:\Windows\System32\USER32.dll
0x00007ffcc8b60000 - 0x00007ffcc8b86000 	C:\Windows\System32\win32u.dll
0x00007ffcc9140000 - 0x00007ffcc9169000 	C:\Windows\System32\GDI32.dll
0x00007ffb7a2d0000 - 0x00007ffb7a2eb000 	C:\Program Files\JetBrains\PyCharm 2023.2\jbr\bin\VCRUNTIME140.dll
0x00007ffcc8310000 - 0x00007ffcc8429000 	C:\Windows\System32\gdi32full.dll
0x00007ffcc81b0000 - 0x00007ffcc824a000 	C:\Windows\System32\msvcp_win.dll
0x00007ffcb5070000 - 0x00007ffcb52fe000 	C:\Windows\WinSxS\amd64_microsoft.windows.common-controls_6595b64144ccf1df_6.0.22621.1635_none_270f70857386168e\COMCTL32.dll
0x00007ffcc9ea0000 - 0x00007ffcc9f47000 	C:\Windows\System32\msvcrt.dll
0x00007ffcca4b0000 - 0x00007ffcca4e1000 	C:\Windows\System32\IMM32.DLL
0x00007ffcbb7d0000 - 0x00007ffcbb7dc000 	C:\Program Files\JetBrains\PyCharm 2023.2\jbr\bin\vcruntime140_1.dll
0x00007ffb7a240000 - 0x00007ffb7a2cd000 	C:\Program Files\JetBrains\PyCharm 2023.2\jbr\bin\msvcp140.dll
0x00007ffba1210000 - 0x00007ffba1e90000 	C:\Program Files\JetBrains\PyCharm 2023.2\jbr\bin\server\jvm.dll
0x00007ffccaa20000 - 0x00007ffccaace000 	C:\Windows\System32\ADVAPI32.dll
0x00007ffcca400000 - 0x00007ffcca4a4000 	C:\Windows\System32\sechost.dll
0x00007ffcc9f50000 - 0x00007ffcca067000 	C:\Windows\System32\RPCRT4.dll
0x00007ffcc5c10000 - 0x00007ffcc5c44000 	C:\Windows\SYSTEM32\WINMM.dll
0x00007ffbd89a0000 - 0x00007ffbd89a9000 	C:\Windows\SYSTEM32\WSOCK32.dll
0x00007ffcbc930000 - 0x00007ffcbc93a000 	C:\Windows\SYSTEM32\VERSION.dll
0x00007ffcc8c70000 - 0x00007ffcc8ce1000 	C:\Windows\System32\WS2_32.dll
0x00007ffcc72a0000 - 0x00007ffcc72b8000 	C:\Windows\SYSTEM32\kernel.appcore.dll
0x00007ffcb9660000 - 0x00007ffcb966a000 	C:\Program Files\JetBrains\PyCharm 2023.2\jbr\bin\jimage.dll
0x00007ffcc59c0000 - 0x00007ffcc5bee000 	C:\Windows\SYSTEM32\DBGHELP.DLL
0x00007ffcca690000 - 0x00007ffccaa19000 	C:\Windows\System32\combase.dll
0x00007ffcc8b90000 - 0x00007ffcc8c67000 	C:\Windows\System32\OLEAUT32.dll
0x00007ffcc5980000 - 0x00007ffcc59b2000 	C:\Windows\SYSTEM32\dbgcore.DLL
0x00007ffcc85c0000 - 0x00007ffcc863a000 	C:\Windows\System32\bcryptPrimitives.dll
0x00007ffcb6a20000 - 0x00007ffcb6a45000 	C:\Program Files\JetBrains\PyCharm 2023.2\jbr\bin\java.dll
0x00007ffcb6ad0000 - 0x00007ffcb6ae8000 	C:\Program Files\JetBrains\PyCharm 2023.2\jbr\bin\zip.dll
0x00007ffcc95f0000 - 0x00007ffcc9de9000 	C:\Windows\System32\SHELL32.dll
0x00007ffcc6160000 - 0x00007ffcc6a2e000 	C:\Windows\SYSTEM32\windows.storage.dll
0x00007ffcc6020000 - 0x00007ffcc615e000 	C:\Windows\SYSTEM32\wintypes.dll
0x00007ffcc9040000 - 0x00007ffcc9131000 	C:\Windows\System32\SHCORE.dll
0x00007ffccad10000 - 0x00007ffccad6e000 	C:\Windows\System32\shlwapi.dll
0x00007ffcc80e0000 - 0x00007ffcc8106000 	C:\Windows\SYSTEM32\profapi.dll
0x00007ffca7c80000 - 0x00007ffca7c99000 	C:\Program Files\JetBrains\PyCharm 2023.2\jbr\bin\net.dll
0x00007ffcc0d00000 - 0x00007ffcc0e37000 	C:\Windows\SYSTEM32\WINHTTP.dll
0x00007ffcc7710000 - 0x00007ffcc7779000 	C:\Windows\system32\mswsock.dll
0x00007ffca7c60000 - 0x00007ffca7c76000 	C:\Program Files\JetBrains\PyCharm 2023.2\jbr\bin\nio.dll
0x00007ffcc7a30000 - 0x00007ffcc7a4b000 	C:\Windows\SYSTEM32\CRYPTSP.dll
0x00007ffcc7210000 - 0x00007ffcc7245000 	C:\Windows\system32\rsaenh.dll
0x00007ffcc77b0000 - 0x00007ffcc77dc000 	C:\Windows\SYSTEM32\USERENV.dll
0x00007ffcc7b60000 - 0x00007ffcc7b88000 	C:\Windows\SYSTEM32\bcrypt.dll
0x00007ffcc7910000 - 0x00007ffcc791c000 	C:\Windows\SYSTEM32\CRYPTBASE.dll
0x00007ffcc6d00000 - 0x00007ffcc6d2d000 	C:\Windows\SYSTEM32\IPHLPAPI.DLL
0x00007ffcca170000 - 0x00007ffcca179000 	C:\Windows\System32\NSI.dll
0x00007ffcc0790000 - 0x00007ffcc07a9000 	C:\Windows\SYSTEM32\dhcpcsvc6.DLL
0x00007ffcc0170000 - 0x00007ffcc018f000 	C:\Windows\SYSTEM32\dhcpcsvc.DLL
0x00007ffcc6d70000 - 0x00007ffcc6e63000 	C:\Windows\SYSTEM32\DNSAPI.dll
0x00007ffca7c50000 - 0x00007ffca7c5e000 	C:\Program Files\JetBrains\PyCharm 2023.2\jbr\bin\sunmscapi.dll
0x00007ffcc8640000 - 0x00007ffcc87a7000 	C:\Windows\System32\CRYPT32.dll
0x00007ffcc7b30000 - 0x00007ffcc7b5e000 	C:\Windows\SYSTEM32\ncrypt.dll
0x00007ffcc7af0000 - 0x00007ffcc7b27000 	C:\Windows\SYSTEM32\NTASN1.dll
0x00007ffbe1c90000 - 0x00007ffbe1c98000 	C:\Windows\system32\wshunix.dll

dbghelp: loaded successfully - version: 4.0.5 - missing functions: none
symbol engine: initialized successfully - sym options: 0x614 - pdb path: .;C:\Program Files\JetBrains\PyCharm 2023.2\jbr\bin;C:\Windows\SYSTEM32;C:\Windows\WinSxS\amd64_microsoft.windows.common-controls_6595b64144ccf1df_6.0.22621.1635_none_270f70857386168e;C:\Program Files\JetBrains\PyCharm 2023.2\jbr\bin\server

VM Arguments:
java_command: git4idea.http.GitAskPassApp Username for 'https://github.com': 
java_class_path (initial): C:/Program Files/JetBrains/PyCharm 2023.2/plugins/vcs-git/lib/git4idea-rt.jar;C:/Program Files/JetBrains/PyCharm 2023.2/lib/externalProcess-rt.jar
Launcher Type: SUN_STANDARD

[Global flags]
     intx CICompilerCount                          = 12                                        {product} {ergonomic}
     uint ConcGCThreads                            = 3                                         {product} {ergonomic}
     uint G1ConcRefinementThreads                  = 13                                        {product} {ergonomic}
   size_t G1HeapRegionSize                         = 2097152                                   {product} {ergonomic}
    uintx GCDrainStackTargetSize                   = 64                                        {product} {ergonomic}
   size_t InitialHeapSize                          = 260046848                                 {product} {ergonomic}
   size_t MarkStackSize                            = 4194304                                   {product} {ergonomic}
   size_t MaxHeapSize                              = 4139778048                                {product} {ergonomic}
   size_t MaxNewSize                               = 2483027968                                {product} {ergonomic}
   size_t MinHeapDeltaBytes                        = 2097152                                   {product} {ergonomic}
   size_t MinHeapSize                              = 8388608                                   {product} {ergonomic}
    uintx NonNMethodCodeHeapSize                   = 7602480                                {pd product} {ergonomic}
    uintx NonProfiledCodeHeapSize                  = 122027880                              {pd product} {ergonomic}
    uintx ProfiledCodeHeapSize                     = 122027880                              {pd product} {ergonomic}
    uintx ReservedCodeCacheSize                    = 251658240                              {pd product} {ergonomic}
     bool SegmentedCodeCache                       = true                                      {product} {ergonomic}
   size_t SoftMaxHeapSize                          = 4139778048                             {manageable} {ergonomic}
     bool UseCompressedClassPointers               = true                           {product lp64_product} {ergonomic}
     bool UseCompressedOops                        = true                           {product lp64_product} {ergonomic}
     bool UseG1GC                                  = true                                      {product} {ergonomic}
     bool UseLargePagesIndividualAllocation        = false                                  {pd product} {ergonomic}

Logging:
Log output configuration:
 #0: stdout all=warning uptime,level,tags
 #1: stderr all=off uptime,level,tags

Environment Variables:
PATH=C:\Program Files\Git\mingw64\libexec\git-core;C:\Program Files\Git\mingw64\libexec\git-core;C:\Program Files\Git\mingw64\bin;C:\Program Files\Git\usr\bin;C:\Users\trave\bin;C:\Python311\Scripts;C:\Python311;C:\Program Files (x86)\VMware\VMware Workstation\bin;C:\Program Files\NVIDIA GPU Computing Toolkit\CUDA\v12.1\bin;C:\Program Files\NVIDIA GPU Computing Toolkit\CUDA\v12.1\libnvvp;C:\Program Files\Common Files\Oracle\Java\javapath;C:\Windows\system32;C:\Windows;C:\Windows\System32\Wbem;C:\Windows\System32\WindowsPowerShell\v1.0;C:\Windows\System32\OpenSSH;C:\Program Files (x86)\NVIDIA Corporation\PhysX\Common;C:\Program Files\NVIDIA Corporation\NVIDIA NvDLISR;C:\Program Files\dotnet;C:\Program Files (x86)\Common Files\DivX Shared\DesktopService;C:\Program Files\Git\cmd;C:\ProgramData\chocolatey\bin;C:\Program Files\NVIDIA Corporation\Nsight Compute 2023.1.1;C:\Program Files (x86)\Common Files\Acronis\VirtualFile;C:\Program Files (x86)\Common Files\Acronis\VirtualFile64;C:\Program Files (x86)\Common Files\Acronis\FileProtector;C:\Program Files (x86)\Common Files\Acronis\FileProtector64;C:\Program Files (x86)\Common Files\Acronis\SnapAPI;C:\Program Files\Mullvad VPN\resources;C:\Program Files\Tailscale;C:\Program Files\Docker\Docker\resources\bin;C:\Users\trave\AppData\Local\Microsoft\WindowsApps;C:\Program Files\JetBrains\PyCharm 2022.3.3\bin;C:\Program Files\JetBrains\JetBrains Rider 2023.1.1\bin;C:\Users\trave\AppData\Local\Programs\Microsoft VS Code\bin;C:\Users\trave\AppData\Local\GitHubDesktop\bin;C:\Program Files (x86)\Nmap;C:\Users\trave\AppData\Local\JetBrains\Toolbox\scripts;C:\Program Files\JetBrains\PyCharm 2023.2\bin
USERNAME=trave
DISPLAY=:0.0
LC_ALL=en_US.UTF-8
TERM=xterm-256color
TMPDIR=C:\Users\trave\AppData\Local\Temp
OS=Windows_NT
PROCESSOR_IDENTIFIER=AMD64 Family 23 Model 96 Stepping 1, AuthenticAMD
TMP=C:\Users\trave\AppData\Local\Temp
TEMP=C:\Users\trave\AppData\Local\Temp


JNI global refs:
JNI global refs: 27, weak refs: 0

JNI global refs memory usage: 843, weak refs: 841

OOME stack traces (most recent first):
Classloader memory used:
Loader bootstrap                                                                       : 1847K
Loader jdk.internal.loader.ClassLoaders$PlatformClassLoader                            : 192K
Loader jdk.internal.loader.ClassLoaders$AppClassLoader                                 : 1765B
Loader jdk.internal.reflect.DelegatingClassLoader                                      : 830B


---------------  S Y S T E M  ---------------

OS:
 Windows 11 , 64 bit Build 22621 (10.0.22621.1928)
OS uptime: 0 days 3:27 hours
Hyper-V role detected

CPU: total 16 (initial active 16) (16 cores per cpu, 2 threads per core) family 23 model 96 stepping 1 microcode 0x0, cx8, cmov, fxsr, ht, mmx, 3dnowpref, sse, sse2, sse3, ssse3, sse4a, sse4.1, sse4.2, popcnt, lzcnt, tsc, tscinvbit, avx, avx2, aes, clmul, bmi1, bmi2, adx, sha, fma, vzeroupper, clflush, clflushopt, hv

Memory: 4k page, system-wide physical 15789M (1441M free)
TotalPageFile size 25789M (AvailPageFile size 5M)
current process WorkingSet (physical memory assigned to process): 71M, peak: 71M
current process commit charge ("private bytes"): 357M, peak: 359M

vm_info: OpenJDK 64-Bit Server VM (17.0.7+7-b1000.6) for windows-amd64 JRE (17.0.7+7-b1000.6), built on 2023-07-07 by "builduser" with MS VC++ 16.10 / 16.11 (VS2019)

END.
